<?xml version="1.0" encoding="UTF-8"?>
<testng-results ignored="0" total="2" passed="2" failed="0" skipped="0">
  <reporter-output>
  </reporter-output>
  <suite started-at="2024-07-04T17:14:57 PDT" name="Default suite" finished-at="2024-07-04T17:15:08 PDT" duration-ms="11109">
    <groups>
      <group name="cucumber">
        <method signature="AbstractTestNGCucumberTests.runScenario(io.cucumber.testng.PickleWrapper,io.cucumber.testng.FeatureWrapper)[pri:0, instance:testrunner.Mytestrunner@609e8838]" name="runScenario" class="io.cucumber.testng.AbstractTestNGCucumberTests"/>
      </group> <!-- cucumber -->
    </groups>
    <test started-at="2024-07-04T17:14:57 PDT" name="Default test" finished-at="2024-07-04T17:15:08 PDT" duration-ms="11109">
      <class name="testrunner.Mytestrunner">
        <test-method is-config="true" signature="setUpClass(org.testng.ITestContext)[pri:0, instance:testrunner.Mytestrunner@609e8838]" started-at="2024-07-04T17:14:57 PDT" name="setUpClass" finished-at="2024-07-04T17:14:57 PDT" duration-ms="241" status="PASS">
          <params>
            <param index="0">
              <value>
                <![CDATA[org.testng.TestRunner@5183d589]]>
              </value>
            </param>
          </params>
          <reporter-output>
          </reporter-output>
        </test-method> <!-- setUpClass -->
        <test-method signature="runScenario(io.cucumber.testng.PickleWrapper,io.cucumber.testng.FeatureWrapper)[pri:0, instance:testrunner.Mytestrunner@609e8838]" started-at="2024-07-04T17:14:57 PDT" name="runScenario" description="Runs Cucumber Scenarios" data-provider="scenarios" finished-at="2024-07-04T17:15:06 PDT" duration-ms="8568" status="PASS">
          <params>
            <param index="0">
              <value>
                <![CDATA["'Graph' links in Topics Covered section for Arrays page."]]>
              </value>
            </param>
            <param index="1">
              <value>
                <![CDATA["Array page and links"]]>
              </value>
            </param>
          </params>
          <reporter-output>
          </reporter-output>
        </test-method> <!-- runScenario -->
        <test-method signature="runScenario(io.cucumber.testng.PickleWrapper,io.cucumber.testng.FeatureWrapper)[pri:0, instance:testrunner.Mytestrunner@609e8838]" started-at="2024-07-04T17:14:57 PDT" name="runScenario" description="Runs Cucumber Scenarios" data-provider="scenarios" finished-at="2024-07-04T17:15:06 PDT" duration-ms="8610" status="PASS">
          <params>
            <param index="0">
              <value>
                <![CDATA["'Graph' links in Topics Covered section for Arrays page."]]>
              </value>
            </param>
            <param index="1">
              <value>
                <![CDATA["Array page and links"]]>
              </value>
            </param>
          </params>
          <reporter-output>
          </reporter-output>
        </test-method> <!-- runScenario -->
        <test-method is-config="true" signature="tearDownClass()[pri:0, instance:testrunner.Mytestrunner@609e8838]" started-at="2024-07-04T17:15:06 PDT" name="tearDownClass" finished-at="2024-07-04T17:15:08 PDT" duration-ms="2241" status="PASS">
          <reporter-output>
          </reporter-output>
        </test-method> <!-- tearDownClass -->
      </class> <!-- testrunner.Mytestrunner -->
    </test> <!-- Default test -->
  </suite> <!-- Default suite -->
</testng-results>
