<?xml version="1.0" encoding="UTF-8"?>
<testng-results ignored="0" total="6" passed="6" failed="0" skipped="0">
  <reporter-output>
  </reporter-output>
  <suite started-at="2024-07-06T19:35:26 PDT" name="Default suite" finished-at="2024-07-06T19:35:38 PDT" duration-ms="11401">
    <groups>
      <group name="cucumber">
        <method signature="AbstractTestNGCucumberTests.runScenario(io.cucumber.testng.PickleWrapper,io.cucumber.testng.FeatureWrapper)[pri:0, instance:testrunner.Mytestrunner@2631f68c]" name="runScenario" class="io.cucumber.testng.AbstractTestNGCucumberTests"/>
      </group> <!-- cucumber -->
    </groups>
    <test started-at="2024-07-06T19:35:26 PDT" name="Default test" finished-at="2024-07-06T19:35:38 PDT" duration-ms="11401">
      <class name="testrunner.Mytestrunner">
        <test-method is-config="true" signature="setUpClass(org.testng.ITestContext)[pri:0, instance:testrunner.Mytestrunner@2631f68c]" started-at="2024-07-06T19:35:26 PDT" name="setUpClass" finished-at="2024-07-06T19:35:26 PDT" duration-ms="199" status="PASS">
          <params>
            <param index="0">
              <value>
                <![CDATA[org.testng.TestRunner@1aac188d]]>
              </value>
            </param>
          </params>
          <reporter-output>
          </reporter-output>
        </test-method> <!-- setUpClass -->
        <test-method signature="runScenario(io.cucumber.testng.PickleWrapper,io.cucumber.testng.FeatureWrapper)[pri:0, instance:testrunner.Mytestrunner@2631f68c]" started-at="2024-07-06T19:35:26 PDT" name="runScenario" description="Runs Cucumber Scenarios" data-provider="scenarios" finished-at="2024-07-06T19:35:32 PDT" duration-ms="5937" status="PASS">
          <params>
            <param index="0">
              <value>
                <![CDATA["Home page without login"]]>
              </value>
            </param>
            <param index="1">
              <value>
                <![CDATA["Home page with login feature"]]>
              </value>
            </param>
          </params>
          <reporter-output>
          </reporter-output>
        </test-method> <!-- runScenario -->
        <test-method signature="runScenario(io.cucumber.testng.PickleWrapper,io.cucumber.testng.FeatureWrapper)[pri:0, instance:testrunner.Mytestrunner@2631f68c]" started-at="2024-07-06T19:35:26 PDT" name="runScenario" description="Runs Cucumber Scenarios" data-provider="scenarios" finished-at="2024-07-06T19:35:35 PDT" duration-ms="8609" status="PASS">
          <params>
            <param index="0">
              <value>
                <![CDATA["Home page with login"]]>
              </value>
            </param>
            <param index="1">
              <value>
                <![CDATA["Home page with login feature"]]>
              </value>
            </param>
          </params>
          <reporter-output>
          </reporter-output>
        </test-method> <!-- runScenario -->
        <test-method signature="runScenario(io.cucumber.testng.PickleWrapper,io.cucumber.testng.FeatureWrapper)[pri:0, instance:testrunner.Mytestrunner@2631f68c]" started-at="2024-07-06T19:35:26 PDT" name="runScenario" description="Runs Cucumber Scenarios" data-provider="scenarios" finished-at="2024-07-06T19:35:35 PDT" duration-ms="8822" status="PASS">
          <params>
            <param index="0">
              <value>
                <![CDATA["Home page with login"]]>
              </value>
            </param>
            <param index="1">
              <value>
                <![CDATA["Home page with login feature"]]>
              </value>
            </param>
          </params>
          <reporter-output>
          </reporter-output>
        </test-method> <!-- runScenario -->
        <test-method signature="runScenario(io.cucumber.testng.PickleWrapper,io.cucumber.testng.FeatureWrapper)[pri:0, instance:testrunner.Mytestrunner@2631f68c]" started-at="2024-07-06T19:35:26 PDT" name="runScenario" description="Runs Cucumber Scenarios" data-provider="scenarios" finished-at="2024-07-06T19:35:32 PDT" duration-ms="5936" status="PASS">
          <params>
            <param index="0">
              <value>
                <![CDATA["Home page without login"]]>
              </value>
            </param>
            <param index="1">
              <value>
                <![CDATA["Home page with login feature"]]>
              </value>
            </param>
          </params>
          <reporter-output>
          </reporter-output>
        </test-method> <!-- runScenario -->
        <test-method signature="runScenario(io.cucumber.testng.PickleWrapper,io.cucumber.testng.FeatureWrapper)[pri:0, instance:testrunner.Mytestrunner@2631f68c]" started-at="2024-07-06T19:35:26 PDT" name="runScenario" description="Runs Cucumber Scenarios" data-provider="scenarios" finished-at="2024-07-06T19:35:33 PDT" duration-ms="6448" status="PASS">
          <params>
            <param index="0">
              <value>
                <![CDATA["Home page without login"]]>
              </value>
            </param>
            <param index="1">
              <value>
                <![CDATA["Home page with login feature"]]>
              </value>
            </param>
          </params>
          <reporter-output>
          </reporter-output>
        </test-method> <!-- runScenario -->
        <test-method signature="runScenario(io.cucumber.testng.PickleWrapper,io.cucumber.testng.FeatureWrapper)[pri:0, instance:testrunner.Mytestrunner@2631f68c]" started-at="2024-07-06T19:35:26 PDT" name="runScenario" description="Runs Cucumber Scenarios" data-provider="scenarios" finished-at="2024-07-06T19:35:35 PDT" duration-ms="8655" status="PASS">
          <params>
            <param index="0">
              <value>
                <![CDATA["Home page with login"]]>
              </value>
            </param>
            <param index="1">
              <value>
                <![CDATA["Home page with login feature"]]>
              </value>
            </param>
          </params>
          <reporter-output>
          </reporter-output>
        </test-method> <!-- runScenario -->
        <test-method is-config="true" signature="tearDownClass()[pri:0, instance:testrunner.Mytestrunner@2631f68c]" started-at="2024-07-06T19:35:35 PDT" name="tearDownClass" finished-at="2024-07-06T19:35:38 PDT" duration-ms="2358" status="PASS">
          <reporter-output>
          </reporter-output>
        </test-method> <!-- tearDownClass -->
      </class> <!-- testrunner.Mytestrunner -->
    </test> <!-- Default test -->
  </suite> <!-- Default suite -->
</testng-results>
